This is pdfTeX, Version 3.14159265-2.6-1.40.16 (TeX Live 2015) (preloaded format=pdflatex 2015.11.18)  4 JUN 2016 10:47
entering extended mode
 restricted \write18 enabled.
 %&-line parsing enabled.
**PaperRobinHaveneers.tex
(./PaperRobinHaveneers.tex
LaTeX2e <2015/10/01> patch level 2
Babel <3.9m> and hyphenation patterns for 79 languages loaded.
IJCAI-11 Instructions for Authors
(/usr/local/texlive/2015/texmf-dist/tex/latex/base/article.cls
Document Class: article 2014/09/29 v1.4h Standard LaTeX document class
(/usr/local/texlive/2015/texmf-dist/tex/latex/base/size10.clo
File: size10.clo 2014/09/29 v1.4h Standard LaTeX file (size option)
)
\c@part=\count79
\c@section=\count80
\c@subsection=\count81
\c@subsubsection=\count82
\c@paragraph=\count83
\c@subparagraph=\count84
\c@figure=\count85
\c@table=\count86
\abovecaptionskip=\skip41
\belowcaptionskip=\skip42
\bibindent=\dimen102
)
(./PaperRobinHaveneers.sty
Conference Style, version of 6 September 1995 (revised Nov 2010)
\titlebox=\skip43
Named Citation Style, version of 30 November 1994
) (/usr/local/texlive/2015/texmf-dist/tex/generic/babel/babel.sty
Package: babel 2015/08/03 3.9m The Babel package

(/usr/local/texlive/2015/texmf-dist/tex/generic/babel-dutch/dutch.ldf
Language: dutch 2005/03/30 v3.8i Dutch support from the babel system

(/usr/local/texlive/2015/texmf-dist/tex/generic/babel/babel.def
File: babel.def 2015/08/03 3.9m Babel common definitions
\babel@savecnt=\count87
\U@D=\dimen103
)
Package babel Info: Making " an active character on input line 132.
))
(/usr/local/texlive/2015/texmf-dist/tex/latex/listings/listings.sty
(/usr/local/texlive/2015/texmf-dist/tex/latex/graphics/keyval.sty
Package: keyval 2014/10/28 v1.15 key=value parser (DPC)
\KV@toks@=\toks14
)
\lst@mode=\count88
\lst@gtempboxa=\box26
\lst@token=\toks15
\lst@length=\count89
\lst@currlwidth=\dimen104
\lst@column=\count90
\lst@pos=\count91
\lst@lostspace=\dimen105
\lst@width=\dimen106
\lst@newlines=\count92
\lst@lineno=\count93
\lst@maxwidth=\dimen107

(/usr/local/texlive/2015/texmf-dist/tex/latex/listings/lstmisc.sty
File: lstmisc.sty 2015/06/04 1.6 (Carsten Heinz)
\c@lstnumber=\count94
\lst@skipnumbers=\count95
\lst@framebox=\box27
)
(/usr/local/texlive/2015/texmf-dist/tex/latex/listings/listings.cfg
File: listings.cfg 2015/06/04 1.6 listings configuration
))
Package: listings 2015/06/04 1.6 (Carsten Heinz)

(/usr/local/texlive/2015/texmf-dist/tex/latex/fancybox/fancybox.sty
Package: fancybox 2010/05/15 1.4

Style option: `fancybox' v1.4 <2010/05/15> (tvz)
\@fancybox=\box28
\shadowsize=\dimen108
\@Sbox=\box29
\do@VerbBox=\toks16
\the@fancyput=\toks17
\this@fancyput=\toks18
\EndVerbatimTokens=\toks19
\Verbatim@Outfile=\write3
\Verbatim@Infile=\read1
) (/usr/local/texlive/2015/texmf-dist/tex/latex/algorithms/algorithm.sty
Package: algorithm 2009/08/24 v0.1 Document Style `algorithm' - floating enviro
nment

(/usr/local/texlive/2015/texmf-dist/tex/latex/float/float.sty
Package: float 2001/11/08 v1.3d Float enhancements (AL)
\c@float@type=\count96
\float@exts=\toks20
\float@box=\box30
\@float@everytoks=\toks21
\@floatcapt=\box31
)
(/usr/local/texlive/2015/texmf-dist/tex/latex/base/ifthen.sty
Package: ifthen 2014/09/29 v1.1c Standard LaTeX ifthen package (DPC)
)
\@float@every@algorithm=\toks22
\c@algorithm=\count97
)
(/usr/local/texlive/2015/texmf-dist/tex/latex/algorithmicx/algpseudocode.sty
Package: algpseudocode 

(/usr/local/texlive/2015/texmf-dist/tex/latex/algorithmicx/algorithmicx.sty
Package: algorithmicx 2005/04/27 v1.2 Algorithmicx

Document Style algorithmicx 1.2 - a greatly improved `algorithmic' style
\c@ALG@line=\count98
\c@ALG@rem=\count99
\c@ALG@nested=\count100
\ALG@tlm=\skip44
\ALG@thistlm=\skip45
\c@ALG@Lnr=\count101
\c@ALG@blocknr=\count102
\c@ALG@storecount=\count103
\c@ALG@tmpcounter=\count104
\ALG@tmplength=\skip46
)
Document Style - pseudocode environments for use with the `algorithmicx' style
) (/usr/local/texlive/2015/texmf-dist/tex/latex/psnfss/times.sty
Package: times 2005/04/12 PSNFSS-v9.2a (SPQR) 
)
(/usr/local/texlive/2015/texmf-dist/tex/latex/cleveref/cleveref.sty
Package: cleveref 2013/12/28 v0.19 Intelligent cross-referencing
Package cleveref Info: `algorithmicx' support loaded on input line 2939.
Package cleveref Info: `listings' support loaded on input line 2950.
)
(/usr/local/texlive/2015/texmf-dist/tex/latex/hyperref/hyperref.sty
Package: hyperref 2012/11/06 v6.83m Hypertext links for LaTeX

(/usr/local/texlive/2015/texmf-dist/tex/generic/oberdiek/hobsub-hyperref.sty
Package: hobsub-hyperref 2012/05/28 v1.13 Bundle oberdiek, subset hyperref (HO)


(/usr/local/texlive/2015/texmf-dist/tex/generic/oberdiek/hobsub-generic.sty
Package: hobsub-generic 2012/05/28 v1.13 Bundle oberdiek, subset generic (HO)
Package: hobsub 2012/05/28 v1.13 Construct package bundles (HO)
Package: infwarerr 2010/04/08 v1.3 Providing info/warning/error messages (HO)
Package: ltxcmds 2011/11/09 v1.22 LaTeX kernel commands for general use (HO)
Package: ifluatex 2010/03/01 v1.3 Provides the ifluatex switch (HO)
Package ifluatex Info: LuaTeX not detected.
Package: ifvtex 2010/03/01 v1.5 Detect VTeX and its facilities (HO)
Package ifvtex Info: VTeX not detected.
Package: intcalc 2007/09/27 v1.1 Expandable calculations with integers (HO)
Package: ifpdf 2011/01/30 v2.3 Provides the ifpdf switch (HO)
Package ifpdf Info: pdfTeX in PDF mode is detected.
Package: etexcmds 2011/02/16 v1.5 Avoid name clashes with e-TeX commands (HO)
Package etexcmds Info: Could not find \expanded.
(etexcmds)             That can mean that you are not using pdfTeX 1.50 or
(etexcmds)             that some package has redefined \expanded.
(etexcmds)             In the latter case, load this package earlier.
Package: kvsetkeys 2012/04/25 v1.16 Key value parser (HO)
Package: kvdefinekeys 2011/04/07 v1.3 Define keys (HO)
Package: pdftexcmds 2011/11/29 v0.20 Utility functions of pdfTeX for LuaTeX (HO
)
Package pdftexcmds Info: LuaTeX not detected.
Package pdftexcmds Info: \pdf@primitive is available.
Package pdftexcmds Info: \pdf@ifprimitive is available.
Package pdftexcmds Info: \pdfdraftmode found.
Package: pdfescape 2011/11/25 v1.13 Implements pdfTeX's escape features (HO)
Package: bigintcalc 2012/04/08 v1.3 Expandable calculations on big integers (HO
)
Package: bitset 2011/01/30 v1.1 Handle bit-vector datatype (HO)
Package: uniquecounter 2011/01/30 v1.2 Provide unlimited unique counter (HO)
)
Package hobsub Info: Skipping package `hobsub' (already loaded).
Package: letltxmacro 2010/09/02 v1.4 Let assignment for LaTeX macros (HO)
Package: hopatch 2012/05/28 v1.2 Wrapper for package hooks (HO)
Package: xcolor-patch 2011/01/30 xcolor patch
Package: atveryend 2011/06/30 v1.8 Hooks at the very end of document (HO)
Package atveryend Info: \enddocument detected (standard20110627).
Package: atbegshi 2011/10/05 v1.16 At begin shipout hook (HO)
Package: refcount 2011/10/16 v3.4 Data extraction from label references (HO)
Package: hycolor 2011/01/30 v1.7 Color options for hyperref/bookmark (HO)
)
(/usr/local/texlive/2015/texmf-dist/tex/generic/ifxetex/ifxetex.sty
Package: ifxetex 2010/09/12 v0.6 Provides ifxetex conditional
)
(/usr/local/texlive/2015/texmf-dist/tex/latex/oberdiek/auxhook.sty
Package: auxhook 2011/03/04 v1.3 Hooks for auxiliary files (HO)
)
(/usr/local/texlive/2015/texmf-dist/tex/latex/oberdiek/kvoptions.sty
Package: kvoptions 2011/06/30 v3.11 Key value format for package options (HO)
)
\@linkdim=\dimen109
\Hy@linkcounter=\count105
\Hy@pagecounter=\count106

(/usr/local/texlive/2015/texmf-dist/tex/latex/hyperref/pd1enc.def
File: pd1enc.def 2012/11/06 v6.83m Hyperref: PDFDocEncoding definition (HO)
)
\Hy@SavedSpaceFactor=\count107

(/usr/local/texlive/2015/texmf-dist/tex/latex/latexconfig/hyperref.cfg
File: hyperref.cfg 2002/06/06 v1.2 hyperref configuration of TeXLive
)
Package hyperref Info: Hyper figures OFF on input line 4443.
Package hyperref Info: Link nesting OFF on input line 4448.
Package hyperref Info: Hyper index ON on input line 4451.
Package hyperref Info: Plain pages OFF on input line 4458.
Package hyperref Info: Backreferencing OFF on input line 4463.
Package hyperref Info: Implicit mode ON; LaTeX internals redefined.
Package hyperref Info: Bookmarks ON on input line 4688.
\c@Hy@tempcnt=\count108

(/usr/local/texlive/2015/texmf-dist/tex/latex/url/url.sty
\Urlmuskip=\muskip10
Package: url 2013/09/16  ver 3.4  Verb mode for urls, etc.
)
LaTeX Info: Redefining \url on input line 5041.
\XeTeXLinkMargin=\dimen110
\Fld@menulength=\count109
\Field@Width=\dimen111
\Fld@charsize=\dimen112
Package hyperref Info: Hyper figures OFF on input line 6295.
Package hyperref Info: Link nesting OFF on input line 6300.
Package hyperref Info: Hyper index ON on input line 6303.
Package hyperref Info: backreferencing OFF on input line 6310.
Package hyperref Info: Link coloring OFF on input line 6315.
Package hyperref Info: Link coloring with OCG OFF on input line 6320.
Package hyperref Info: PDF/A mode OFF on input line 6325.
LaTeX Info: Redefining \ref on input line 6365.
LaTeX Info: Redefining \pageref on input line 6369.
\Hy@abspage=\count110
\c@Item=\count111
\c@Hfootnote=\count112
)

Package hyperref Message: Driver (autodetected): hpdftex.

(/usr/local/texlive/2015/texmf-dist/tex/latex/hyperref/hpdftex.def
File: hpdftex.def 2012/11/06 v6.83m Hyperref driver for pdfTeX
\Fld@listcount=\count113
\c@bookmark@seq@number=\count114

(/usr/local/texlive/2015/texmf-dist/tex/latex/oberdiek/rerunfilecheck.sty
Package: rerunfilecheck 2011/04/15 v1.7 Rerun checks for auxiliary files (HO)
Package uniquecounter Info: New unique counter `rerunfilecheck' on input line 2
82.
)
\Hy@SectionHShift=\skip47
)
(/usr/local/texlive/2015/texmf-dist/tex/latex/lipsum/lipsum.sty
Package: lipsum 2014/07/27 v1.3 150 paragraphs of Lorem Ipsum dummy text
\c@lips@count=\count115
)
(/usr/local/texlive/2015/texmf-dist/tex/latex/graphics/graphicx.sty
Package: graphicx 2014/10/28 v1.0g Enhanced LaTeX Graphics (DPC,SPQR)

(/usr/local/texlive/2015/texmf-dist/tex/latex/graphics/graphics.sty
Package: graphics 2014/10/28 v1.0p Standard LaTeX Graphics (DPC,SPQR)

(/usr/local/texlive/2015/texmf-dist/tex/latex/graphics/trig.sty
Package: trig 1999/03/16 v1.09 sin cos tan (DPC)
)
(/usr/local/texlive/2015/texmf-dist/tex/latex/latexconfig/graphics.cfg
File: graphics.cfg 2010/04/23 v1.9 graphics configuration of TeX Live
)
Package graphics Info: Driver file: pdftex.def on input line 94.

(/usr/local/texlive/2015/texmf-dist/tex/latex/pdftex-def/pdftex.def
File: pdftex.def 2011/05/27 v0.06d Graphics/color for pdfTeX
\Gread@gobject=\count116
))
\Gin@req@height=\dimen113
\Gin@req@width=\dimen114
)
(/usr/local/texlive/2015/texmf-dist/tex/latex/amsfonts/amssymb.sty
Package: amssymb 2013/01/14 v3.01 AMS font symbols

(/usr/local/texlive/2015/texmf-dist/tex/latex/amsfonts/amsfonts.sty
Package: amsfonts 2013/01/14 v3.01 Basic AMSFonts support
\@emptytoks=\toks23
\symAMSa=\mathgroup4
\symAMSb=\mathgroup5
LaTeX Font Info:    Overwriting math alphabet `\mathfrak' in version `bold'
(Font)                  U/euf/m/n --> U/euf/b/n on input line 106.
))
(/usr/local/texlive/2015/texmf-dist/tex/latex/xcolor/xcolor.sty
Package: xcolor 2007/01/21 v2.11 LaTeX color extensions (UK)

(/usr/local/texlive/2015/texmf-dist/tex/latex/latexconfig/color.cfg
File: color.cfg 2007/01/18 v1.5 color configuration of teTeX/TeXLive
)
Package xcolor Info: Driver file: pdftex.def on input line 225.
Package xcolor Info: Model `cmy' substituted by `cmy0' on input line 1337.
Package xcolor Info: Model `hsb' substituted by `rgb' on input line 1341.
Package xcolor Info: Model `RGB' extended on input line 1353.
Package xcolor Info: Model `HTML' substituted by `rgb' on input line 1355.
Package xcolor Info: Model `Hsb' substituted by `hsb' on input line 1356.
Package xcolor Info: Model `tHsb' substituted by `hsb' on input line 1357.
Package xcolor Info: Model `HSB' substituted by `hsb' on input line 1358.
Package xcolor Info: Model `Gray' substituted by `gray' on input line 1359.
Package xcolor Info: Model `wave' substituted by `hsb' on input line 1360.
)
(/usr/local/texlive/2015/texmf-dist/tex/latex/base/textcomp.sty
Package: textcomp 2005/09/27 v1.99g Standard LaTeX package
Package textcomp Info: Sub-encoding information:
(textcomp)               5 = only ISO-Adobe without \textcurrency
(textcomp)               4 = 5 + \texteuro
(textcomp)               3 = 4 + \textohm
(textcomp)               2 = 3 + \textestimated + \textcurrency
(textcomp)               1 = TS1 - \textcircled - \t
(textcomp)               0 = TS1 (full)
(textcomp)             Font families with sub-encoding setting implement
(textcomp)             only a restricted character set as indicated.
(textcomp)             Family '?' is the default used for unknown fonts.
(textcomp)             See the documentation for details.
Package textcomp Info: Setting ? sub-encoding to TS1/1 on input line 79.

(/usr/local/texlive/2015/texmf-dist/tex/latex/base/ts1enc.def
File: ts1enc.def 2001/06/05 v3.0e (jk/car/fm) Standard LaTeX file
)
LaTeX Info: Redefining \oldstylenums on input line 334.
Package textcomp Info: Setting cmr sub-encoding to TS1/0 on input line 349.
Package textcomp Info: Setting cmss sub-encoding to TS1/0 on input line 350.
Package textcomp Info: Setting cmtt sub-encoding to TS1/0 on input line 351.
Package textcomp Info: Setting cmvtt sub-encoding to TS1/0 on input line 352.
Package textcomp Info: Setting cmbr sub-encoding to TS1/0 on input line 353.
Package textcomp Info: Setting cmtl sub-encoding to TS1/0 on input line 354.
Package textcomp Info: Setting ccr sub-encoding to TS1/0 on input line 355.
Package textcomp Info: Setting ptm sub-encoding to TS1/4 on input line 356.
Package textcomp Info: Setting pcr sub-encoding to TS1/4 on input line 357.
Package textcomp Info: Setting phv sub-encoding to TS1/4 on input line 358.
Package textcomp Info: Setting ppl sub-encoding to TS1/3 on input line 359.
Package textcomp Info: Setting pag sub-encoding to TS1/4 on input line 360.
Package textcomp Info: Setting pbk sub-encoding to TS1/4 on input line 361.
Package textcomp Info: Setting pnc sub-encoding to TS1/4 on input line 362.
Package textcomp Info: Setting pzc sub-encoding to TS1/4 on input line 363.
Package textcomp Info: Setting bch sub-encoding to TS1/4 on input line 364.
Package textcomp Info: Setting put sub-encoding to TS1/5 on input line 365.
Package textcomp Info: Setting uag sub-encoding to TS1/5 on input line 366.
Package textcomp Info: Setting ugq sub-encoding to TS1/5 on input line 367.
Package textcomp Info: Setting ul8 sub-encoding to TS1/4 on input line 368.
Package textcomp Info: Setting ul9 sub-encoding to TS1/4 on input line 369.
Package textcomp Info: Setting augie sub-encoding to TS1/5 on input line 370.
Package textcomp Info: Setting dayrom sub-encoding to TS1/3 on input line 371.
Package textcomp Info: Setting dayroms sub-encoding to TS1/3 on input line 372.

Package textcomp Info: Setting pxr sub-encoding to TS1/0 on input line 373.
Package textcomp Info: Setting pxss sub-encoding to TS1/0 on input line 374.
Package textcomp Info: Setting pxtt sub-encoding to TS1/0 on input line 375.
Package textcomp Info: Setting txr sub-encoding to TS1/0 on input line 376.
Package textcomp Info: Setting txss sub-encoding to TS1/0 on input line 377.
Package textcomp Info: Setting txtt sub-encoding to TS1/0 on input line 378.
Package textcomp Info: Setting lmr sub-encoding to TS1/0 on input line 379.
Package textcomp Info: Setting lmdh sub-encoding to TS1/0 on input line 380.
Package textcomp Info: Setting lmss sub-encoding to TS1/0 on input line 381.
Package textcomp Info: Setting lmssq sub-encoding to TS1/0 on input line 382.
Package textcomp Info: Setting lmvtt sub-encoding to TS1/0 on input line 383.
Package textcomp Info: Setting lmtt sub-encoding to TS1/0 on input line 384.
Package textcomp Info: Setting qhv sub-encoding to TS1/0 on input line 385.
Package textcomp Info: Setting qag sub-encoding to TS1/0 on input line 386.
Package textcomp Info: Setting qbk sub-encoding to TS1/0 on input line 387.
Package textcomp Info: Setting qcr sub-encoding to TS1/0 on input line 388.
Package textcomp Info: Setting qcs sub-encoding to TS1/0 on input line 389.
Package textcomp Info: Setting qpl sub-encoding to TS1/0 on input line 390.
Package textcomp Info: Setting qtm sub-encoding to TS1/0 on input line 391.
Package textcomp Info: Setting qzc sub-encoding to TS1/0 on input line 392.
Package textcomp Info: Setting qhvc sub-encoding to TS1/0 on input line 393.
Package textcomp Info: Setting futs sub-encoding to TS1/4 on input line 394.
Package textcomp Info: Setting futx sub-encoding to TS1/4 on input line 395.
Package textcomp Info: Setting futj sub-encoding to TS1/4 on input line 396.
Package textcomp Info: Setting hlh sub-encoding to TS1/3 on input line 397.
Package textcomp Info: Setting hls sub-encoding to TS1/3 on input line 398.
Package textcomp Info: Setting hlst sub-encoding to TS1/3 on input line 399.
Package textcomp Info: Setting hlct sub-encoding to TS1/5 on input line 400.
Package textcomp Info: Setting hlx sub-encoding to TS1/5 on input line 401.
Package textcomp Info: Setting hlce sub-encoding to TS1/5 on input line 402.
Package textcomp Info: Setting hlcn sub-encoding to TS1/5 on input line 403.
Package textcomp Info: Setting hlcw sub-encoding to TS1/5 on input line 404.
Package textcomp Info: Setting hlcf sub-encoding to TS1/5 on input line 405.
Package textcomp Info: Setting pplx sub-encoding to TS1/3 on input line 406.
Package textcomp Info: Setting pplj sub-encoding to TS1/3 on input line 407.
Package textcomp Info: Setting ptmx sub-encoding to TS1/4 on input line 408.
Package textcomp Info: Setting ptmj sub-encoding to TS1/4 on input line 409.
)
(/usr/local/texlive/2015/texmf-dist/tex/latex/caption/subcaption.sty
Package: subcaption 2015/09/15 v1.1-100 Sub-captions (AR)

(/usr/local/texlive/2015/texmf-dist/tex/latex/caption/caption.sty
Package: caption 2015/09/17 v3.3-111 Customizing captions (AR)

(/usr/local/texlive/2015/texmf-dist/tex/latex/caption/caption3.sty
Package: caption3 2015/09/20 v1.7-115 caption3 kernel (AR)
Package caption3 Info: TeX engine: e-TeX on input line 57.
\captionmargin=\dimen115
\captionmargin@=\dimen116
\captionwidth=\dimen117
\caption@tempdima=\dimen118
\caption@indent=\dimen119
\caption@parindent=\dimen120
\caption@hangindent=\dimen121
)
\c@ContinuedFloat=\count117
Package caption Info: float package is loaded.
Package caption Info: hyperref package is loaded.
Package caption Info: listings package is loaded.
)
\c@subfigure=\count118
\c@subtable=\count119
)
(/usr/local/texlive/2015/texmf-dist/tex/latex/enumitem/enumitem.sty
Package: enumitem 2011/09/28 v3.5.2 Customized lists
\labelindent=\skip48
\enit@outerparindent=\dimen122
\enit@toks=\toks24
\enit@inbox=\box32
\enitdp@description=\count120
)
(/usr/local/texlive/2015/texmf-dist/tex/latex/amsmath/amsmath.sty
Package: amsmath 2013/01/14 v2.14 AMS math features
\@mathmargin=\skip49

For additional information on amsmath, use the `?' option.
(/usr/local/texlive/2015/texmf-dist/tex/latex/amsmath/amstext.sty
Package: amstext 2000/06/29 v2.01

(/usr/local/texlive/2015/texmf-dist/tex/latex/amsmath/amsgen.sty
File: amsgen.sty 1999/11/30 v2.0
\@emptytoks=\toks25
\ex@=\dimen123
))
(/usr/local/texlive/2015/texmf-dist/tex/latex/amsmath/amsbsy.sty
Package: amsbsy 1999/11/29 v1.2d
\pmbraise@=\dimen124
)
(/usr/local/texlive/2015/texmf-dist/tex/latex/amsmath/amsopn.sty
Package: amsopn 1999/12/14 v2.01 operator names
)
\inf@bad=\count121
LaTeX Info: Redefining \frac on input line 210.
\uproot@=\count122
\leftroot@=\count123
LaTeX Info: Redefining \overline on input line 306.
\classnum@=\count124
\DOTSCASE@=\count125
LaTeX Info: Redefining \ldots on input line 378.
LaTeX Info: Redefining \dots on input line 381.
LaTeX Info: Redefining \cdots on input line 466.
\Mathstrutbox@=\box33
\strutbox@=\box34
\big@size=\dimen125
LaTeX Font Info:    Redeclaring font encoding OML on input line 566.
LaTeX Font Info:    Redeclaring font encoding OMS on input line 567.
\macc@depth=\count126
\c@MaxMatrixCols=\count127
\dotsspace@=\muskip11
\c@parentequation=\count128
\dspbrk@lvl=\count129
\tag@help=\toks26
\row@=\count130
\column@=\count131
\maxfields@=\count132
\andhelp@=\toks27
\eqnshift@=\dimen126
\alignsep@=\dimen127
\tagshift@=\dimen128
\tagwidth@=\dimen129
\totwidth@=\dimen130
\lineht@=\dimen131
\@envbody=\toks28
\multlinegap=\skip50
\multlinetaggap=\skip51
\mathdisplay@stack=\toks29
LaTeX Info: Redefining \[ on input line 2665.
LaTeX Info: Redefining \] on input line 2666.
)
(/usr/local/texlive/2015/texmf-dist/tex/latex/oberdiek/grffile.sty
Package: grffile 2012/04/05 v1.16 Extended file name support for graphics (HO)
Package grffile Info: Option `multidot' is set to `true'.
Package grffile Info: Option `extendedchars' is set to `false'.
Package grffile Info: Option `space' is set to `true'.
Package grffile Info: \Gin@ii of package `graphicx' fixed on input line 486.
)
\currentchar@prolog=\count133

(./PaperRobinHaveneers.aux

LaTeX Warning: Label `fig:test' multiply defined.

)
\openout1 = `PaperRobinHaveneers.aux'.

LaTeX Font Info:    Checking defaults for OML/cmm/m/it on input line 204.
LaTeX Font Info:    ... okay on input line 204.
LaTeX Font Info:    Checking defaults for T1/cmr/m/n on input line 204.
LaTeX Font Info:    ... okay on input line 204.
LaTeX Font Info:    Checking defaults for OT1/cmr/m/n on input line 204.
LaTeX Font Info:    ... okay on input line 204.
LaTeX Font Info:    Checking defaults for OMS/cmsy/m/n on input line 204.
LaTeX Font Info:    ... okay on input line 204.
LaTeX Font Info:    Checking defaults for OMX/cmex/m/n on input line 204.
LaTeX Font Info:    ... okay on input line 204.
LaTeX Font Info:    Checking defaults for U/cmr/m/n on input line 204.
LaTeX Font Info:    ... okay on input line 204.
LaTeX Font Info:    Checking defaults for PD1/pdf/m/n on input line 204.
LaTeX Font Info:    ... okay on input line 204.
LaTeX Font Info:    Checking defaults for TS1/cmr/m/n on input line 204.
LaTeX Font Info:    Try loading font information for TS1+cmr on input line 204.

 (/usr/local/texlive/2015/texmf-dist/tex/latex/base/ts1cmr.fd
File: ts1cmr.fd 2014/09/29 v2.5h Standard LaTeX font definitions
)
LaTeX Font Info:    ... okay on input line 204.
LaTeX Font Info:    Try loading font information for OT1+ptm on input line 204.


(/usr/local/texlive/2015/texmf-dist/tex/latex/psnfss/ot1ptm.fd
File: ot1ptm.fd 2001/06/04 font definitions for OT1/ptm.
)
\c@lstlisting=\count134
\AtBeginShipoutBox=\box35
Package hyperref Info: Link coloring OFF on input line 204.

(/usr/local/texlive/2015/texmf-dist/tex/latex/hyperref/nameref.sty
Package: nameref 2012/10/27 v2.43 Cross-referencing by name of section

(/usr/local/texlive/2015/texmf-dist/tex/generic/oberdiek/gettitlestring.sty
Package: gettitlestring 2010/12/03 v1.4 Cleanup title references (HO)
)
\c@section@level=\count135
)
LaTeX Info: Redefining \ref on input line 204.
LaTeX Info: Redefining \pageref on input line 204.
LaTeX Info: Redefining \nameref on input line 204.

(./PaperRobinHaveneers.out) (./PaperRobinHaveneers.out)
\@outlinefile=\write4
\openout4 = `PaperRobinHaveneers.out'.


(/usr/local/texlive/2015/texmf-dist/tex/context/base/supp-pdf.mkii
[Loading MPS to PDF converter (version 2006.09.02).]
\scratchcounter=\count136
\scratchdimen=\dimen132
\scratchbox=\box36
\nofMPsegments=\count137
\nofMParguments=\count138
\everyMPshowfont=\toks30
\MPscratchCnt=\count139
\MPscratchDim=\dimen133
\MPnumerator=\count140
\makeMPintoPDFobject=\count141
\everyMPtoPDFconversion=\toks31
) (/usr/local/texlive/2015/texmf-dist/tex/latex/oberdiek/epstopdf-base.sty
Package: epstopdf-base 2010/02/09 v2.5 Base part for package epstopdf

(/usr/local/texlive/2015/texmf-dist/tex/latex/oberdiek/grfext.sty
Package: grfext 2010/08/19 v1.1 Manage graphics extensions (HO)
)
Package grfext Info: Graphics extension search list:
(grfext)             [.png,.pdf,.jpg,.mps,.jpeg,.jbig2,.jb2,.PNG,.PDF,.JPG,.JPE
G,.JBIG2,.JB2,.eps]
(grfext)             \AppendGraphicsExtensions on input line 452.

(/usr/local/texlive/2015/texmf-dist/tex/latex/latexconfig/epstopdf-sys.cfg
File: epstopdf-sys.cfg 2010/07/13 v1.3 Configuration of (r)epstopdf for TeX Liv
e
))
Package caption Info: Begin \AtBeginDocument code.
Package caption Info: End \AtBeginDocument code.
LaTeX Font Info:    Font shape `OT1/ptm/bx/n' in size <14.4> not available
(Font)              Font shape `OT1/ptm/b/n' tried instead on input line 207.
LaTeX Font Info:    Font shape `OT1/ptm/bx/n' in size <12> not available
(Font)              Font shape `OT1/ptm/b/n' tried instead on input line 207.
LaTeX Font Info:    Try loading font information for U+msa on input line 207.

(/usr/local/texlive/2015/texmf-dist/tex/latex/amsfonts/umsa.fd
File: umsa.fd 2013/01/14 v3.01 AMS symbols A
)
LaTeX Font Info:    Try loading font information for U+msb on input line 207.

(/usr/local/texlive/2015/texmf-dist/tex/latex/amsfonts/umsb.fd
File: umsb.fd 2013/01/14 v3.01 AMS symbols B
)
Package babel Info: Redefining dutch shorthand "|
(babel)             in language append on input line 212.
Package babel Info: Redefining dutch shorthand "~
(babel)             in language append on input line 212.
Package babel Info: Redefining dutch shorthand "|
(babel)             in language append on input line 219.
Package babel Info: Redefining dutch shorthand "~
(babel)             in language append on input line 219.
LaTeX Font Info:    Font shape `OT1/ptm/bx/n' in size <10.95> not available
(Font)              Font shape `OT1/ptm/b/n' tried instead on input line 220.
Package babel Info: Redefining dutch shorthand "|
(babel)             in language append on input line 220.
Package babel Info: Redefining dutch shorthand "~
(babel)             in language append on input line 220.
LaTeX Font Info:    Try loading font information for OT1+pcr on input line 226.


(/usr/local/texlive/2015/texmf-dist/tex/latex/psnfss/ot1pcr.fd
File: ot1pcr.fd 2001/06/04 font definitions for OT1/pcr.
)
LaTeX Font Info:    Try loading font information for OMS+pcr on input line 226.


(/usr/local/texlive/2015/texmf-dist/tex/latex/psnfss/omspcr.fd
File: omspcr.fd 
)
LaTeX Font Info:    Font shape `OMS/pcr/m/n' in size <10> not available
(Font)              Font shape `OMS/cmsy/m/n' tried instead on input line 226.
Package babel Info: Redefining dutch shorthand "|
(babel)             in language append on input line 239.
Package babel Info: Redefining dutch shorthand "~
(babel)             in language append on input line 239.

Underfull \hbox (badness 4193) in paragraph at lines 240--241
\OT1/ptm/m/n/10 ProbLog is een pro-ba-bi-lis-ti-sche uit-brei-ding op Pro-log
 []

Package babel Info: Redefining dutch shorthand "|
(babel)             in language append on input line 243.
Package babel Info: Redefining dutch shorthand "~
(babel)             in language append on input line 243.
Package babel Info: Redefining dutch shorthand "|
(babel)             in language append on input line 243.
Package babel Info: Redefining dutch shorthand "~
(babel)             in language append on input line 243.
[1{/usr/local/texlive/2015/texmf-var/fonts/map/pdftex/updmap/pdftex.map}



]
LaTeX Font Info:    Font shape `OT1/ptm/bx/n' in size <10> not available
(Font)              Font shape `OT1/ptm/b/n' tried instead on input line 250.
Package babel Info: Redefining dutch shorthand "|
(babel)             in language append on input line 258.
Package babel Info: Redefining dutch shorthand "~
(babel)             in language append on input line 258.
Package babel Info: Redefining dutch shorthand "|
(babel)             in language append on input line 268.
Package babel Info: Redefining dutch shorthand "~
(babel)             in language append on input line 268.

<Images/cm.png, id=128, 910.40125pt x 910.40125pt>
File: Images/cm.png Graphic file (type png)
 <use Images/cm.png>
Package pdftex.def Info: Images/cm.png used on input line 275.
(pdftex.def)             Requested size: 91.05649pt x 91.04546pt.

<Images/pm.png, id=130, 734.745pt x 500.87125pt>
File: Images/pm.png Graphic file (type png)
 <use Images/pm.png>
Package pdftex.def Info: Images/pm.png used on input line 282.
(pdftex.def)             Requested size: 101.17645pt x 68.96744pt.

<Images/dungeon.png, id=131, 492.84125pt x 507.8975pt>
File: Images/dungeon.png Graphic file (type png)

<use Images/dungeon.png>
Package pdftex.def Info: Images/dungeon.png used on input line 289.
(pdftex.def)             Requested size: 91.05649pt x 93.83557pt.
Package babel Info: Redefining dutch shorthand "|
(babel)             in language append on input line 297.
Package babel Info: Redefining dutch shorthand "~
(babel)             in language append on input line 297.
Package babel Info: Redefining dutch shorthand "|
(babel)             in language append on input line 308.
Package babel Info: Redefining dutch shorthand "~
(babel)             in language append on input line 308.
Package babel Info: Redefining dutch shorthand "|
(babel)             in language append on input line 310.
Package babel Info: Redefining dutch shorthand "~
(babel)             in language append on input line 310.
Package babel Info: Redefining dutch shorthand "|
(babel)             in language append on input line 310.
Package babel Info: Redefining dutch shorthand "~
(babel)             in language append on input line 310.
 [2]
(/usr/local/texlive/2015/texmf-dist/tex/latex/listings/lstlang1.sty
File: lstlang1.sty 2015/06/04 1.6 listings language file
)
(/usr/local/texlive/2015/texmf-dist/tex/latex/listings/lstlang2.sty
File: lstlang2.sty 2015/06/04 1.6 listings language file
)
Package babel Info: Redefining dutch shorthand "|
(babel)             in language append on input line 357.
Package babel Info: Redefining dutch shorthand "~
(babel)             in language append on input line 357.
Package babel Info: Redefining dutch shorthand "|
(babel)             in language append on input line 359.
Package babel Info: Redefining dutch shorthand "~
(babel)             in language append on input line 359.
Package babel Info: Redefining dutch shorthand "|
(babel)             in language append on input line 359.
Package babel Info: Redefining dutch shorthand "~
(babel)             in language append on input line 359.
 [3 <./Images/cm.png> <./Images/pm.png> <./Images/dungeon.png>]
Underfull \hbox (badness 1178) in paragraph at lines 365--366
[]\OT1/ptm/m/n/10 Voor \OT1/pcr/m/n/10 clingo \OT1/ptm/m/n/10 zijn er even-eens
 mo-del-len ge-ge-ne-reerd
 []

LaTeX Font Info:    Try loading font information for TS1+ptm on input line 374.

(/usr/local/texlive/2015/texmf-dist/tex/latex/psnfss/ts1ptm.fd
File: ts1ptm.fd 2001/06/04 font definitions for TS1/ptm.
)
Underfull \hbox (badness 2790) in paragraph at lines 380--382
\OT1/ptm/m/n/10 en $\OML/cmm/m/it/10 finish[]\OT1/cmr/m/n/10 (\OML/cmm/m/it/10 
X[]; Y[]\OT1/cmr/m/n/10 )$ \OT1/ptm/m/n/10 voor het fi-nis-h-vakje, als volgt:
 []


Underfull \hbox (badness 1062) in paragraph at lines 386--388
\OML/cmm/m/it/10 finish[]\OT1/cmr/m/n/10 (\OML/cmm/m/it/10 Fx[]; Fy[]\OT1/cmr/m
/n/10 )$ \OT1/ptm/m/n/10 en $\OML/cmm/m/it/10 finish[]\OT1/cmr/m/n/10 (\OML/cmm
/m/it/10 Fx[]; Fy[]\OT1/cmr/m/n/10 )$\OT1/ptm/m/n/10 , als volgt:
 []


Underfull \hbox (badness 6016) in paragraph at lines 402--404
\OT1/ptm/m/n/10 Neem $\OML/cmm/m/it/10 diamant[]\OT1/cmr/m/n/10 (\OML/cmm/m/it/
10 X[]; Y[]\OT1/cmr/m/n/10 )$ \OT1/ptm/m/n/10 en $\OML/cmm/m/it/10 diamant[]\OT
1/cmr/m/n/10 (\OML/cmm/m/it/10 X[]; Y[]\OT1/cmr/m/n/10 )$ \OT1/ptm/m/n/10 als
 []


Underfull \hbox (badness 10000) in paragraph at lines 404--406
\OT1/ptm/m/n/10 Neem $\OML/cmm/m/it/10 altaar[]\OT1/cmr/m/n/10 (\OML/cmm/m/it/1
0 X[]; Y[]\OT1/cmr/m/n/10 )$ \OT1/ptm/m/n/10 en $\OML/cmm/m/it/10 altaar[]\OT1/
cmr/m/n/10 (\OML/cmm/m/it/10 X[]; Y[]\OT1/cmr/m/n/10 )$ \OT1/ptm/m/n/10 als
 []

Package babel Info: Redefining dutch shorthand "|
(babel)             in language append on input line 406.
Package babel Info: Redefining dutch shorthand "~
(babel)             in language append on input line 406.
Package babel Info: Redefining dutch shorthand "|
(babel)             in language append on input line 406.
Package babel Info: Redefining dutch shorthand "~
(babel)             in language append on input line 406.
[4]
Underfull \hbox (badness 3471) in paragraph at lines 407--409
\OT1/ptm/m/n/10 ge-ge-ven door: $\OML/cmm/m/it/10 C[] \OT1/cmr/m/n/10 = \OMS/cm
sy/m/n/10 j\OML/cmm/m/it/10 D\OT1/cmr/m/n/10 (\OML/cmm/m/it/10 diamant[]; altaa
r[]\OT1/cmr/m/n/10 ) \OMS/cmsy/m/n/10 ^^@
 []

Package babel Info: Redefining dutch shorthand "|
(babel)             in language append on input line 419.
Package babel Info: Redefining dutch shorthand "~
(babel)             in language append on input line 419.
<Grafieken/Variatie/Chromatic Maze/chm.pdf, id=203, 505.89pt x 361.35pt>
File: Grafieken/Variatie/Chromatic Maze/chm.pdf Graphic file (type pdf)

<use Grafieken/Variatie/Chromatic Maze/chm.pdf>
Package pdftex.def Info: Grafieken/Variatie/Chromatic Maze/chm.pdf used on inpu
t line 428.
(pdftex.def)             Requested size: 166.94463pt x 119.24586pt.

<Grafieken/Variatie/Dungeon/dungeon.pdf, id=204, 505.89pt x 361.35pt>
File: Grafieken/Variatie/Dungeon/dungeon.pdf Graphic file (type pdf)

<use Grafieken/Variatie/Dungeon/dungeon.pdf>
Package pdftex.def Info: Grafieken/Variatie/Dungeon/dungeon.pdf used on input l
ine 434.
(pdftex.def)             Requested size: 166.94463pt x 119.24586pt.

<Grafieken/Variatie/Perfect Maze/perfectmaze.pdf, id=205, 505.89pt x 361.35pt>
File: Grafieken/Variatie/Perfect Maze/perfectmaze.pdf Graphic file (type pdf)

<use Grafieken/Variatie/Perfect Maze/perfectmaze.pdf>
Package pdftex.def Info: Grafieken/Variatie/Perfect Maze/perfectmaze.pdf used o
n input line 440.
(pdftex.def)             Requested size: 166.94463pt x 119.24586pt.
Package babel Info: Redefining dutch shorthand "|
(babel)             in language append on input line 452.
Package babel Info: Redefining dutch shorthand "~
(babel)             in language append on input line 452.
Package babel Info: Redefining dutch shorthand "|
(babel)             in language append on input line 454.
Package babel Info: Redefining dutch shorthand "~
(babel)             in language append on input line 454.
Package babel Info: Redefining dutch shorthand "|
(babel)             in language append on input line 460.
Package babel Info: Redefining dutch shorthand "~
(babel)             in language append on input line 460.
Package babel Info: Redefining dutch shorthand "|
(babel)             in language append on input line 473.
Package babel Info: Redefining dutch shorthand "~
(babel)             in language append on input line 473.
Package babel Info: Redefining dutch shorthand "|
(babel)             in language append on input line 473.
Package babel Info: Redefining dutch shorthand "~
(babel)             in language append on input line 473.
 [5]
Package babel Info: Redefining dutch shorthand "|
(babel)             in language append on input line 474.
Package babel Info: Redefining dutch shorthand "~
(babel)             in language append on input line 474.
Package babel Info: Redefining dutch shorthand "|
(babel)             in language append on input line 481.
Package babel Info: Redefining dutch shorthand "~
(babel)             in language append on input line 481.

Underfull \hbox (badness 6204) in paragraph at lines 486--487
[]\OT1/ptm/m/n/10 ProbLog biedt in-te-res-sante voor-de-len dank-zij zijn
 []

(./PaperRobinHaveneers.bbl
Underfull \hbox (badness 1616) in paragraph at lines 11--14
\OT1/ptm/m/n/10 in con-nexion with graphs.  \OT1/ptm/m/it/10 Nu-me-ri-sche Ma-t
he-ma-tik\OT1/ptm/m/n/10 ,
 []

Missing character: There is no â in font ptmr7t!
Missing character: There is no € in font ptmr7t!
Missing character: There is no ™ in font ptmr7t!
Package babel Info: Redefining dutch shorthand "|
(babel)             in language append on input line 30.
Package babel Info: Redefining dutch shorthand "~
(babel)             in language append on input line 30.
Package babel Info: Redefining dutch shorthand "|
(babel)             in language append on input line 30.
Package babel Info: Redefining dutch shorthand "~
(babel)             in language append on input line 30.
[6 <./Grafieken/Variatie/Chromatic Maze/chm.pdf> <./Grafieken/Variatie/Dungeon/
dungeon.pdf

pdfTeX warning: /Library/TeX/texbin/pdflatex (file ./Grafieken/Variatie/Dungeon
/dungeon.pdf): PDF inclusion: multiple pdfs with page group included in a singl
e page
> <./Grafieken/Variatie/Perfect Maze/perfectmaze.pdf

pdfTeX warning: /Library/TeX/texbin/pdflatex (file ./Grafieken/Variatie/Perfect
 Maze/perfectmaze.pdf): PDF inclusion: multiple pdfs with page group included i
n a single page
>]
Underfull \hbox (badness 1895) in paragraph at lines 79--84
[]\OT1/ptm/m/n/10 Julian To-ge-lius, Noor Sha-ker, and
 []


Underfull \hbox (badness 7759) in paragraph at lines 86--89
[]\OT1/ptm/m/n/10 Georgios N. Yan-na-kakis
 []

)
Package babel Info: Redefining dutch shorthand "|
(babel)             in language append on input line 502.
Package babel Info: Redefining dutch shorthand "~
(babel)             in language append on input line 502.
Package babel Info: Redefining dutch shorthand "|
(babel)             in language append on input line 503.
Package babel Info: Redefining dutch shorthand "~
(babel)             in language append on input line 503.
LaTeX Font Info:    Font shape `OT1/ptm/bx/n' in size <9> not available
(Font)              Font shape `OT1/ptm/b/n' tried instead on input line 511.
Package babel Info: Redefining dutch shorthand "|
(babel)             in language append on input line 527.
Package babel Info: Redefining dutch shorthand "~
(babel)             in language append on input line 527.
LaTeX Font Info:    Font shape `OT1/ptm/bx/it' in size <9> not available
(Font)              Font shape `OT1/ptm/b/it' tried instead on input line 537.
Package babel Info: Redefining dutch shorthand "|
(babel)             in language append on input line 546.
Package babel Info: Redefining dutch shorthand "~
(babel)             in language append on input line 546.
Package babel Info: Redefining dutch shorthand "|
(babel)             in language append on input line 574.
Package babel Info: Redefining dutch shorthand "~
(babel)             in language append on input line 574.
Package babel Info: Redefining dutch shorthand "|
(babel)             in language append on input line 575.
Package babel Info: Redefining dutch shorthand "~
(babel)             in language append on input line 575.
LaTeX Font Info:    Font shape `OT1/pcr/m/it' in size <9> not available
(Font)              Font shape `OT1/pcr/m/sl' tried instead on input line 579.
Package babel Info: Redefining dutch shorthand "|
(babel)             in language append on input line 584.
Package babel Info: Redefining dutch shorthand "~
(babel)             in language append on input line 584.
Package babel Info: Redefining dutch shorthand "|
(babel)             in language append on input line 584.
Package babel Info: Redefining dutch shorthand "~
(babel)             in language append on input line 584.
 [7pdfTeX warning (ext4): destination with the same identifier (name{ALG@line.1
}) has been already used, duplicate ignored

\AtBegShi@Output ...ipout \box \AtBeginShipoutBox 
                                                  \fi \fi 
l.584 %
        een lijst van getallenpdfTeX warning (ext4): destination with the same 
identifier (name{ALG@line.2}) has been already used, duplicate ignored

\AtBegShi@Output ...ipout \box \AtBeginShipoutBox 
                                                  \fi \fi 
l.584 %
        een lijst van getallenpdfTeX warning (ext4): destination with the same 
identifier (name{ALG@line.3}) has been already used, duplicate ignored

\AtBegShi@Output ...ipout \box \AtBeginShipoutBox 
                                                  \fi \fi 
l.584 %
        een lijst van getallenpdfTeX warning (ext4): destination with the same 
identifier (name{ALG@line.4}) has been already used, duplicate ignored

\AtBegShi@Output ...ipout \box \AtBeginShipoutBox 
                                                  \fi \fi 
l.584 %
        een lijst van getallenpdfTeX warning (ext4): destination with the same 
identifier (name{ALG@line.5}) has been already used, duplicate ignored

\AtBegShi@Output ...ipout \box \AtBeginShipoutBox 
                                                  \fi \fi 
l.584 %
        een lijst van getallenpdfTeX warning (ext4): destination with the same 
identifier (name{ALG@line.6}) has been already used, duplicate ignored

\AtBegShi@Output ...ipout \box \AtBeginShipoutBox 
                                                  \fi \fi 
l.584 %
        een lijst van getallenpdfTeX warning (ext4): destination with the same 
identifier (name{ALG@line.7}) has been already used, duplicate ignored

\AtBegShi@Output ...ipout \box \AtBeginShipoutBox 
                                                  \fi \fi 
l.584 %
        een lijst van getallenpdfTeX warning (ext4): destination with the same 
identifier (name{ALG@line.8}) has been already used, duplicate ignored

\AtBegShi@Output ...ipout \box \AtBeginShipoutBox 
                                                  \fi \fi 
l.584 %
        een lijst van getallenpdfTeX warning (ext4): destination with the same 
identifier (name{ALG@line.9}) has been already used, duplicate ignored

\AtBegShi@Output ...ipout \box \AtBeginShipoutBox 
                                                  \fi \fi 
l.584 %
        een lijst van getallenpdfTeX warning (ext4): destination with the same 
identifier (name{ALG@line.10}) has been already used, duplicate ignored

\AtBegShi@Output ...ipout \box \AtBeginShipoutBox 
                                                  \fi \fi 
l.584 %
        een lijst van getallenpdfTeX warning (ext4): destination with the same 
identifier (name{ALG@line.11}) has been already used, duplicate ignored

\AtBegShi@Output ...ipout \box \AtBeginShipoutBox 
                                                  \fi \fi 
l.584 %
        een lijst van getallenpdfTeX warning (ext4): destination with the same 
identifier (name{ALG@line.1}) has been already used, duplicate ignored

\AtBegShi@Output ...ipout \box \AtBeginShipoutBox 
                                                  \fi \fi 
l.584 %
        een lijst van getallenpdfTeX warning (ext4): destination with the same 
identifier (name{ALG@line.2}) has been already used, duplicate ignored

\AtBegShi@Output ...ipout \box \AtBeginShipoutBox 
                                                  \fi \fi 
l.584 %
        een lijst van getallenpdfTeX warning (ext4): destination with the same 
identifier (name{ALG@line.3}) has been already used, duplicate ignored

\AtBegShi@Output ...ipout \box \AtBeginShipoutBox 
                                                  \fi \fi 
l.584 %
        een lijst van getallenpdfTeX warning (ext4): destination with the same 
identifier (name{ALG@line.4}) has been already used, duplicate ignored

\AtBegShi@Output ...ipout \box \AtBeginShipoutBox 
                                                  \fi \fi 
l.584 %
        een lijst van getallenpdfTeX warning (ext4): destination with the same 
identifier (name{ALG@line.5}) has been already used, duplicate ignored

\AtBegShi@Output ...ipout \box \AtBeginShipoutBox 
                                                  \fi \fi 
l.584 %
        een lijst van getallenpdfTeX warning (ext4): destination with the same 
identifier (name{ALG@line.6}) has been already used, duplicate ignored

\AtBegShi@Output ...ipout \box \AtBeginShipoutBox 
                                                  \fi \fi 
l.584 %
        een lijst van getallenpdfTeX warning (ext4): destination with the same 
identifier (name{ALG@line.7}) has been already used, duplicate ignored

\AtBegShi@Output ...ipout \box \AtBeginShipoutBox 
                                                  \fi \fi 
l.584 %
        een lijst van getallenpdfTeX warning (ext4): destination with the same 
identifier (name{ALG@line.8}) has been already used, duplicate ignored

\AtBegShi@Output ...ipout \box \AtBeginShipoutBox 
                                                  \fi \fi 
l.584 %
        een lijst van getallenpdfTeX warning (ext4): destination with the same 
identifier (name{ALG@line.9}) has been already used, duplicate ignored

\AtBegShi@Output ...ipout \box \AtBeginShipoutBox 
                                                  \fi \fi 
l.584 %
        een lijst van getallenpdfTeX warning (ext4): destination with the same 
identifier (name{ALG@line.10}) has been already used, duplicate ignored

\AtBegShi@Output ...ipout \box \AtBeginShipoutBox 
                                                  \fi \fi 
l.584 %
        een lijst van getallenpdfTeX warning (ext4): destination with the same 
identifier (name{ALG@line.11}) has been already used, duplicate ignored

\AtBegShi@Output ...ipout \box \AtBeginShipoutBox 
                                                  \fi \fi 
l.584 %
        een lijst van getallenpdfTeX warning (ext4): destination with the same 
identifier (name{ALG@line.12}) has been already used, duplicate ignored

\AtBegShi@Output ...ipout \box \AtBeginShipoutBox 
                                                  \fi \fi 
l.584 %
        een lijst van getallenpdfTeX warning (ext4): destination with the same 
identifier (name{ALG@line.13}) has been already used, duplicate ignored

\AtBegShi@Output ...ipout \box \AtBeginShipoutBox 
                                                  \fi \fi 
l.584 %
        een lijst van getallenpdfTeX warning (ext4): destination with the same 
identifier (name{ALG@line.14}) has been already used, duplicate ignored

\AtBegShi@Output ...ipout \box \AtBeginShipoutBox 
                                                  \fi \fi 
l.584 %
        een lijst van getallenpdfTeX warning (ext4): destination with the same 
identifier (name{ALG@line.15}) has been already used, duplicate ignored

\AtBegShi@Output ...ipout \box \AtBeginShipoutBox 
                                                  \fi \fi 
l.584 %
        een lijst van getallen]
Underfull \vbox (badness 10000) has occurred while \output is active []


Underfull \vbox (badness 10000) has occurred while \output is active []

Package babel Info: Redefining dutch shorthand "|
(babel)             in language append on input line 713.
Package babel Info: Redefining dutch shorthand "~
(babel)             in language append on input line 713.
Package babel Info: Redefining dutch shorthand "|
(babel)             in language append on input line 713.
Package babel Info: Redefining dutch shorthand "~
(babel)             in language append on input line 713.
 [8]
Package babel Info: Redefining dutch shorthand "|
(babel)             in language append on input line 728.
Package babel Info: Redefining dutch shorthand "~
(babel)             in language append on input line 728.

Underfull \vbox (badness 10000) has occurred while \output is active []

Package babel Info: Redefining dutch shorthand "|
(babel)             in language append on input line 841.
Package babel Info: Redefining dutch shorthand "~
(babel)             in language append on input line 841.
Package babel Info: Redefining dutch shorthand "|
(babel)             in language append on input line 841.
Package babel Info: Redefining dutch shorthand "~
(babel)             in language append on input line 841.
 [9]
Package babel Info: Redefining dutch shorthand "|
(babel)             in language append on input line 850.
Package babel Info: Redefining dutch shorthand "~
(babel)             in language append on input line 850.
Package babel Info: Redefining dutch shorthand "|
(babel)             in language append on input line 970.
Package babel Info: Redefining dutch shorthand "~
(babel)             in language append on input line 970.
Package babel Info: Redefining dutch shorthand "|
(babel)             in language append on input line 970.
Package babel Info: Redefining dutch shorthand "~
(babel)             in language append on input line 970.

[10]
Package atveryend Info: Empty hook `BeforeClearDocument' on input line 992.
Package babel Info: Redefining dutch shorthand "|
(babel)             in language append on input line 992.
Package babel Info: Redefining dutch shorthand "~
(babel)             in language append on input line 992.
Package babel Info: Redefining dutch shorthand "|
(babel)             in language append on input line 992.
Package babel Info: Redefining dutch shorthand "~
(babel)             in language append on input line 992.
 [11

]
Package atveryend Info: Empty hook `AfterLastShipout' on input line 992.
 (./PaperRobinHaveneers.aux)
Package atveryend Info: Executing hook `AtVeryEndDocument' on input line 992.
Package atveryend Info: Executing hook `AtEndAfterFileList' on input line 992.
Package rerunfilecheck Info: File `PaperRobinHaveneers.out' has not changed.
(rerunfilecheck)             Checksum: 158537E5AB1173FF42AB7F313ADC551B;1337.


LaTeX Warning: There were multiply-defined labels.

Package atveryend Info: Empty hook `AtVeryVeryEnd' on input line 992.
 ) 
Here is how much of TeX's memory you used:
 13240 strings out of 493054
 205963 string characters out of 6134759
 465160 words of memory out of 5000000
 16071 multiletter control sequences out of 15000+600000
 35967 words of font info for 85 fonts, out of 8000000 for 9000
 1143 hyphenation exceptions out of 8191
 42i,11n,51p,1105b,2040s stack positions out of 5000i,500n,10000p,200000b,80000s
{/usr/local/texlive/2015/texmf-dist/fonts/enc/dvips/base/8r.enc}</usr/local/t
exlive/2015/texmf-dist/fonts/type1/public/amsfonts/cm/cmbx6.pfb></usr/local/tex
live/2015/texmf-dist/fonts/type1/public/amsfonts/cm/cmbx9.pfb></usr/local/texli
ve/2015/texmf-dist/fonts/type1/public/amsfonts/cm/cmex10.pfb></usr/local/texliv
e/2015/texmf-dist/fonts/type1/public/amsfonts/cm/cmmi10.pfb></usr/local/texlive
/2015/texmf-dist/fonts/type1/public/amsfonts/cm/cmmi6.pfb></usr/local/texlive/2
015/texmf-dist/fonts/type1/public/amsfonts/cm/cmmi7.pfb></usr/local/texlive/201
5/texmf-dist/fonts/type1/public/amsfonts/cm/cmmi9.pfb></usr/local/texlive/2015/
texmf-dist/fonts/type1/public/amsfonts/cm/cmr10.pfb></usr/local/texlive/2015/te
xmf-dist/fonts/type1/public/amsfonts/cm/cmr6.pfb></usr/local/texlive/2015/texmf
-dist/fonts/type1/public/amsfonts/cm/cmr7.pfb></usr/local/texlive/2015/texmf-di
st/fonts/type1/public/amsfonts/cm/cmr9.pfb></usr/local/texlive/2015/texmf-dist/
fonts/type1/public/amsfonts/cm/cmsy10.pfb></usr/local/texlive/2015/texmf-dist/f
onts/type1/public/amsfonts/cm/cmsy9.pfb></usr/local/texlive/2015/texmf-dist/fon
ts/type1/public/amsfonts/symbols/msbm10.pfb></usr/local/texlive/2015/texmf-dist
/fonts/type1/urw/courier/ucrr8a.pfb></usr/local/texlive/2015/texmf-dist/fonts/t
ype1/urw/courier/ucrro8a.pfb></usr/local/texlive/2015/texmf-dist/fonts/type1/ur
w/times/utmb8a.pfb></usr/local/texlive/2015/texmf-dist/fonts/type1/urw/times/ut
mbi8a.pfb></usr/local/texlive/2015/texmf-dist/fonts/type1/urw/times/utmr8a.pfb>
</usr/local/texlive/2015/texmf-dist/fonts/type1/urw/times/utmri8a.pfb>
Output written on PaperRobinHaveneers.pdf (11 pages, 550863 bytes).
PDF statistics:
 978 PDF objects out of 1000 (max. 8388607)
 815 compressed objects within 9 object streams
 507 named destinations out of 1000 (max. 500000)
 215 words of extra memory for PDF output out of 10000 (max. 10000000)

